<?xml version="1.0" encoding="UTF-8"?>
<!-- Generated by org.testng.reporters.JUnitXMLReporter -->
<testsuite hostname="HP_WhitePearl" name="Test" tests="2" failures="1" timestamp="20 Jan 2021 18:22:00 GMT" time="39.277" errors="0">
  <testcase name="loginToFacebook on Test.FacebookTest@553f17c" time="4.36" classname="Test.FacebookTest"/>
  <testcase name="ForgetPassword on Test.ForgetPasswordTest@4f7d0008" time="11.366" classname="Test.ForgetPasswordTest">
    <failure type="java.lang.AssertionError" message="expected [true] but found [false]">
      <![CDATA[java.lang.AssertionError: expected [true] but found [false]
	at Test.ForgetPasswordTest.ForgetPassword(ForgetPasswordTest.java:33)
... Removed 28 stack frames]]>
    </failure>
  </testcase> <!-- ForgetPassword on Test.ForgetPasswordTest@4f7d0008 -->
</testsuite> <!-- Test -->
