<?xml version="1.0" encoding="UTF-8"?>
<testng-results skipped="0" failed="1" total="2" passed="1">
  <reporter-output>
  </reporter-output>
  <suite name="Suite" duration-ms="39277" started-at="2021-01-20T18:21:20Z" finished-at="2021-01-20T18:22:00Z">
    <groups>
    </groups>
    <test name="Test" duration-ms="39277" started-at="2021-01-20T18:21:20Z" finished-at="2021-01-20T18:22:00Z">
      <class name="Test.FacebookTest">
        <test-method status="PASS" signature="ProjectBaseClass()[pri:0, instance:Test.FacebookTest@553f17c]" name="ProjectBaseClass" is-config="true" duration-ms="10" started-at="2021-01-20T23:51:20Z" finished-at="2021-01-20T23:51:20Z">
          <reporter-output>
          </reporter-output>
        </test-method> <!-- ProjectBaseClass -->
        <test-method status="PASS" signature="SetupTest()[pri:0, instance:Test.FacebookTest@553f17c]" name="SetupTest" is-config="true" duration-ms="10247" started-at="2021-01-20T23:51:21Z" finished-at="2021-01-20T23:51:31Z">
          <reporter-output>
          </reporter-output>
        </test-method> <!-- SetupTest -->
        <test-method status="PASS" signature="loginToFacebook(java.lang.String, java.lang.String)[pri:0, instance:Test.FacebookTest@553f17c]" name="loginToFacebook" duration-ms="4360" started-at="2021-01-20T23:51:31Z" data-provider="TestDataFromExcel" finished-at="2021-01-20T23:51:36Z">
          <params>
            <param index="0">
              <value>
                <![CDATA[Happy]]>
              </value>
            </param>
            <param index="1">
              <value>
                <![CDATA[Birthday]]>
              </value>
            </param>
          </params>
          <reporter-output>
          </reporter-output>
        </test-method> <!-- loginToFacebook -->
        <test-method status="PASS" signature="tearDownDriver()[pri:0, instance:Test.FacebookTest@553f17c]" name="tearDownDriver" is-config="true" duration-ms="694" started-at="2021-01-20T23:51:36Z" finished-at="2021-01-20T23:51:37Z">
          <reporter-output>
          </reporter-output>
        </test-method> <!-- tearDownDriver -->
      </class> <!-- Test.FacebookTest -->
      <class name="Test.ForgetPasswordTest">
        <test-method status="PASS" signature="SetupTest()[pri:0, instance:Test.ForgetPasswordTest@4f7d0008]" name="SetupTest" is-config="true" duration-ms="6921" started-at="2021-01-20T23:51:37Z" finished-at="2021-01-20T23:51:44Z">
          <reporter-output>
          </reporter-output>
        </test-method> <!-- SetupTest -->
        <test-method status="FAIL" signature="ForgetPassword(java.lang.String)[pri:0, instance:Test.ForgetPasswordTest@4f7d0008]" name="ForgetPassword" duration-ms="11366" started-at="2021-01-20T23:51:44Z" data-provider="TestDataFromExcel" finished-at="2021-01-20T23:51:55Z">
          <params>
            <param index="0">
              <value>
                <![CDATA[8.233009425E9]]>
              </value>
            </param>
          </params>
          <exception class="java.lang.AssertionError">
            <message>
              <![CDATA[expected [true] but found [false]]]>
            </message>
            <full-stacktrace>
              <![CDATA[java.lang.AssertionError: expected [true] but found [false]
	at org.testng.Assert.fail(Assert.java:94)
	at org.testng.Assert.failNotEquals(Assert.java:496)
	at org.testng.Assert.assertTrue(Assert.java:42)
	at org.testng.Assert.assertTrue(Assert.java:52)
	at Test.ForgetPasswordTest.ForgetPassword(ForgetPasswordTest.java:33)
	at sun.reflect.NativeMethodAccessorImpl.invoke0(Native Method)
	at sun.reflect.NativeMethodAccessorImpl.invoke(NativeMethodAccessorImpl.java:62)
	at sun.reflect.DelegatingMethodAccessorImpl.invoke(DelegatingMethodAccessorImpl.java:43)
	at java.lang.reflect.Method.invoke(Method.java:498)
	at org.testng.internal.MethodInvocationHelper.invokeMethod(MethodInvocationHelper.java:85)
	at org.testng.internal.Invoker.invokeMethod(Invoker.java:639)
	at org.testng.internal.Invoker.invokeTestMethod(Invoker.java:816)
	at org.testng.internal.Invoker.invokeTestMethods(Invoker.java:1124)
	at org.testng.internal.TestMethodWorker.invokeTestMethods(TestMethodWorker.java:125)
	at org.testng.internal.TestMethodWorker.run(TestMethodWorker.java:108)
	at org.testng.TestRunner.privateRun(TestRunner.java:774)
	at org.testng.TestRunner.run(TestRunner.java:624)
	at org.testng.SuiteRunner.runTest(SuiteRunner.java:359)
	at org.testng.SuiteRunner.runSequentially(SuiteRunner.java:354)
	at org.testng.SuiteRunner.privateRun(SuiteRunner.java:312)
	at org.testng.SuiteRunner.run(SuiteRunner.java:261)
	at org.testng.SuiteRunnerWorker.runSuite(SuiteRunnerWorker.java:52)
	at org.testng.SuiteRunnerWorker.run(SuiteRunnerWorker.java:86)
	at org.testng.TestNG.runSuitesSequentially(TestNG.java:1191)
	at org.testng.TestNG.runSuitesLocally(TestNG.java:1116)
	at org.testng.TestNG.run(TestNG.java:1024)
	at org.testng.remote.RemoteTestNG.run(RemoteTestNG.java:112)
	at org.testng.remote.RemoteTestNG.initAndRun(RemoteTestNG.java:205)
	at org.testng.remote.RemoteTestNG.main(RemoteTestNG.java:176)
]]>
            </full-stacktrace>
          </exception> <!-- java.lang.AssertionError -->
          <reporter-output>
          </reporter-output>
        </test-method> <!-- ForgetPassword -->
        <test-method status="PASS" signature="tearDownDriver()[pri:0, instance:Test.ForgetPasswordTest@4f7d0008]" name="tearDownDriver" is-config="true" duration-ms="663" started-at="2021-01-20T23:51:59Z" finished-at="2021-01-20T23:52:00Z">
          <reporter-output>
          </reporter-output>
        </test-method> <!-- tearDownDriver -->
      </class> <!-- Test.ForgetPasswordTest -->
    </test> <!-- Test -->
  </suite> <!-- Suite -->
</testng-results>
